<?xml version="1.0" encoding="UTF-8"?>
<testng-results ignored="0" total="2" passed="2" failed="0" skipped="0">
  <reporter-output>
  </reporter-output>
  <suite started-at="2022-09-16T12:22:59 IST" name="Suite" finished-at="2022-09-16T12:24:08 IST" duration-ms="68787">
    <groups>
    </groups>
    <test started-at="2022-09-16T12:22:59 IST" name="Test1" finished-at="2022-09-16T12:23:41 IST" duration-ms="42585">
      <class name="TestNGDemo.Class1">
        <test-method is-config="true" signature="bmethod()[pri:0, instance:TestNGDemo.Class1@75329a49]" started-at="2022-09-16T12:22:59 IST" name="bmethod" finished-at="2022-09-16T12:22:59 IST" duration-ms="17" status="PASS">
          <reporter-output>
          </reporter-output>
        </test-method> <!-- bmethod -->
        <test-method signature="browse1()[pri:1, instance:TestNGDemo.Class1@75329a49]" started-at="2022-09-16T12:22:59 IST" name="browse1" finished-at="2022-09-16T12:23:41 IST" duration-ms="42227" status="PASS">
          <reporter-output>
          </reporter-output>
        </test-method> <!-- browse1 -->
        <test-method is-config="true" signature="after()[pri:0, instance:TestNGDemo.Class1@75329a49]" started-at="2022-09-16T12:23:41 IST" name="after" finished-at="2022-09-16T12:23:41 IST" duration-ms="1" status="PASS">
          <reporter-output>
          </reporter-output>
        </test-method> <!-- after -->
      </class> <!-- TestNGDemo.Class1 -->
    </test> <!-- Test1 -->
    <test started-at="2022-09-16T12:23:42 IST" name="Test2" finished-at="2022-09-16T12:24:08 IST" duration-ms="25690">
      <class name="TestNGDemo.Class2">
        <test-method is-config="true" signature="before()[pri:0, instance:TestNGDemo.Class2@5e82df6a]" started-at="2022-09-16T12:23:42 IST" name="before" finished-at="2022-09-16T12:23:42 IST" duration-ms="0" status="PASS">
          <reporter-output>
          </reporter-output>
        </test-method> <!-- before -->
        <test-method signature="browse2()[pri:2, instance:TestNGDemo.Class2@5e82df6a]" started-at="2022-09-16T12:23:42 IST" name="browse2" finished-at="2022-09-16T12:24:08 IST" duration-ms="25682" status="PASS">
          <reporter-output>
          </reporter-output>
        </test-method> <!-- browse2 -->
        <test-method is-config="true" signature="aftermethod()[pri:0, instance:TestNGDemo.Class2@5e82df6a]" started-at="2022-09-16T12:24:08 IST" name="aftermethod" finished-at="2022-09-16T12:24:08 IST" duration-ms="0" status="PASS">
          <reporter-output>
          </reporter-output>
        </test-method> <!-- aftermethod -->
      </class> <!-- TestNGDemo.Class2 -->
    </test> <!-- Test2 -->
  </suite> <!-- Suite -->
</testng-results>
