<?xml version="1.0" encoding="UTF-8"?>
<!-- Generated by org.testng.reporters.JUnitXMLReporter -->
<testsuite ignored="1" hostname="LAPTOP-IH94VMQ2" failures="0" tests="2" name="Test4" time="40.8" errors="0" timestamp="2022-09-14T13:51:51 IST">
  <testcase classname="TESTNG.testng1" name="launchapp" time="4.326"/>
  <testcase classname="TESTNG.testng1" name="Login" time="14.307"/>
  <testcase classname="TESTNG.testng2" name="URL" time="0.0">
    <ignored/>
  </testcase> <!-- URL -->
</testsuite> <!-- Test4 -->
