<?xml version="1.0" encoding="UTF-8"?>
<testng-results ignored="0" total="2" passed="2" failed="0" skipped="0">
  <reporter-output>
  </reporter-output>
  <suite started-at="2022-09-17T14:28:48 IST" name="Suite" finished-at="2022-09-17T14:30:05 IST" duration-ms="77580">
    <groups>
    </groups>
    <test started-at="2022-09-17T14:28:48 IST" name="Testchrome" finished-at="2022-09-17T14:29:23 IST" duration-ms="35299">
      <class name="com.CrossBrowser.CrossBrowser">
        <test-method is-config="true" signature="bm()[pri:0, instance:com.CrossBrowser.CrossBrowser@50a638b5]" started-at="2022-09-17T14:28:48 IST" name="bm" finished-at="2022-09-17T14:28:48 IST" duration-ms="0" status="PASS">
          <reporter-output>
          </reporter-output>
        </test-method> <!-- bm -->
        <test-method signature="test1(java.lang.String)[pri:0, instance:com.CrossBrowser.CrossBrowser@50a638b5]" started-at="2022-09-17T14:28:48 IST" name="test1" finished-at="2022-09-17T14:29:23 IST" duration-ms="35194" status="PASS">
          <params>
            <param index="0">
              <value>
                <![CDATA[chrome]]>
              </value>
            </param>
          </params>
          <reporter-output>
          </reporter-output>
        </test-method> <!-- test1 -->
        <test-method is-config="true" signature="am()[pri:0, instance:com.CrossBrowser.CrossBrowser@50a638b5]" started-at="2022-09-17T14:29:23 IST" name="am" finished-at="2022-09-17T14:29:23 IST" duration-ms="1" status="PASS">
          <reporter-output>
          </reporter-output>
        </test-method> <!-- am -->
      </class> <!-- com.CrossBrowser.CrossBrowser -->
    </test> <!-- Testchrome -->
    <test started-at="2022-09-17T14:28:48 IST" name="Testfirefox" finished-at="2022-09-17T14:30:05 IST" duration-ms="77580">
      <class name="com.CrossBrowser.CrossBrowser">
        <test-method is-config="true" signature="bm()[pri:0, instance:com.CrossBrowser.CrossBrowser@670002]" started-at="2022-09-17T14:28:48 IST" name="bm" finished-at="2022-09-17T14:28:48 IST" duration-ms="5" status="PASS">
          <reporter-output>
          </reporter-output>
        </test-method> <!-- bm -->
        <test-method signature="test1(java.lang.String)[pri:0, instance:com.CrossBrowser.CrossBrowser@670002]" started-at="2022-09-17T14:28:48 IST" name="test1" finished-at="2022-09-17T14:30:05 IST" duration-ms="77542" status="PASS">
          <params>
            <param index="0">
              <value>
                <![CDATA[firefox]]>
              </value>
            </param>
          </params>
          <reporter-output>
          </reporter-output>
        </test-method> <!-- test1 -->
        <test-method is-config="true" signature="am()[pri:0, instance:com.CrossBrowser.CrossBrowser@670002]" started-at="2022-09-17T14:30:05 IST" name="am" finished-at="2022-09-17T14:30:05 IST" duration-ms="0" status="PASS">
          <reporter-output>
          </reporter-output>
        </test-method> <!-- am -->
      </class> <!-- com.CrossBrowser.CrossBrowser -->
    </test> <!-- Testfirefox -->
  </suite> <!-- Suite -->
</testng-results>
