<?xml version="1.0" encoding="UTF-8"?>
<!-- Generated by org.testng.reporters.JUnitXMLReporter -->
<testsuite ignored="0" hostname="LAPTOP-IH94VMQ2" failures="1" tests="6" name="SmokeTest" time="0.065" errors="0" timestamp="2022-09-18T22:41:54 IST">
  <testcase classname="ITestlistenner.CLassA" name="sys" time="0.008"/>
  <testcase classname="ITestlistenner.CLassA" name="sys1" time="0.001">
    <failure type="java.lang.AssertionError" message="expected [true] but found [false]">
      <![CDATA[java.lang.AssertionError: expected [true] but found [false]
at ITestlistenner.CLassA.sys1(CLassA.java:21)
at java.base/java.util.ArrayList.forEach(ArrayList.java:1511)
... Removed 31 stack frames]]>
    </failure>
  </testcase> <!-- sys1 -->
  <testcase classname="ITestlistenner.CLassA" name="sys2" time="0.0">
    <skipped/>
  </testcase> <!-- sys2 -->
  <testcase classname="ITestlistenner.ClassB" name="sys5" time="0.002"/>
  <testcase classname="ITestlistenner.ClassB" name="sys6" time="0.001"/>
  <testcase classname="ITestlistenner.ClassB" name="sys7" time="0.0"/>
</testsuite> <!-- SmokeTest -->
